Command: vcs +vcs+dumpvars -full64 +v2k -R -debug_access+r+w +no_notifier +notimingcheck \
+nospecify -f /home/albert/Desktop/LAB7/03_verif/verif/scripts/rtl.f /home/albert/Desktop/LAB7/03_verif/verif/sv/testtop.v \
-l /home/albert/Desktop/LAB7/03_verif/sim_result/sim.log
                         Chronologic VCS (TM)
       Version M-2017.03-SP2_Full64 -- Mon Jul 22 09:00:32 2024
               Copyright (c) 1991-2017 by Synopsys Inc.
                         ALL RIGHTS RESERVED

This program is proprietary and confidential information of Synopsys Inc.
and may be used and disclosed only as authorized in a license agreement
controlling such use and disclosure.

Parsing design file '/home/albert/Desktop/LAB7/02_rtl/WasteSorting.v'
Parsing design file '/home/albert/Desktop/LAB7/03_verif/verif/sv/testtop.v'
Top Level Modules:
       WasteSorting_tb
No TimeScale specified
Starting vcs inline pass...
1 unique modules to generate
recompiling module WasteSorting_tb
make[1]: Entering directory `/home/albert/Desktop/LAB7/03_verif/verif/scripts/csrc' \

rm -f _csrc*.so pre_vcsobj_*.so share_vcsobj_*.so
ld -shared  -o .//../simv.daidir//_csrc0.so objs/amcQw_d.o 
rm -f _csrc0.so
if [ -x ../simv ]; then chmod -x ../simv; fi
g++  -o ../simv   -Wl,-rpath-link=./ -Wl,-rpath='$ORIGIN'/simv.daidir/ -Wl,-rpath=./simv.daidir/ \
-Wl,-rpath='$ORIGIN'/simv.daidir//scsim.db.dir  -rdynamic     _10274_archive_1.so \
_csrc0.so  SIM_l.o  _csrc0.so     rmapats_mop.o rmapats.o rmar.o rmar_nd.o  rmar_llvm_0_1.o \
rmar_llvm_0_0.o          /home/albert/MyPrograms/synopsys/M-2017.03-SP2/linux64/lib/libzerosoft_rt_stubs.so \
/home/albert/MyPrograms/synopsys/M-2017.03-SP2/linux64/lib/libvirsim.so /home/albert/MyPrograms/synopsys/M-2017.03-SP2/linux64/lib/liberrorinf.so \
/home/albert/MyPrograms/synopsys/M-2017.03-SP2/linux64/lib/libsnpsmalloc.so    /home/albert/MyPrograms/synopsys/M-2017.03-SP2/linux64/lib/libvcsnew.so \
/home/albert/MyPrograms/synopsys/M-2017.03-SP2/linux64/lib/libsimprofile.so /home/albert/MyPrograms/synopsys/M-2017.03-SP2/linux64/lib/libuclinative.so \
/home/albert/MyPrograms/synopsys/M-2017.03-SP2/linux64/lib/vcs_tls.o   -Wl,-whole-archive \
/home/albert/MyPrograms/synopsys/M-2017.03-SP2/linux64/lib/libvcsucli.so -Wl,-no-whole-archive \
/home/albert/MyPrograms/synopsys/M-2017.03-SP2/linux64/lib/vcs_save_restore_new.o \
-ldl  -lc -lm -lpthread -ldl 
../simv up to date
make[1]: Leaving directory `/home/albert/Desktop/LAB7/03_verif/verif/scripts/csrc' \

Command: /home/albert/Desktop/LAB7/03_verif/verif/scripts/./simv +vcs+dumpvars +v2k +no_notifier +notimingcheck +nospecify -a /home/albert/Desktop/LAB7/03_verif/sim_result/sim.log
Chronologic VCS simulator copyright 1991-2017
Contains Synopsys proprietary information.
Compiler version M-2017.03-SP2_Full64; Runtime version M-2017.03-SP2_Full64;  Jul 22 09:00 2024
Test Case 1: Plastic waste, weight =  2
Outputs: out_plastic=  1, out_glass=  0, out_paper=  0, out_metal=  0, out_textile=  0, out_compost=  0, out_landfill=  0, weight=  2

Test Case 2: Glass waste, weight =  1
Outputs: out_plastic=  1, out_glass=  1, out_paper=  0, out_metal=  0, out_textile=  0, out_compost=  0, out_landfill=  0, weight=  3

Test Case 3: Paper waste, weight =  3
Outputs: out_plastic=  1, out_glass=  1, out_paper=  1, out_metal=  0, out_textile=  0, out_compost=  0, out_landfill=  0, weight=  6

Test Case 4: Metal waste, weight =  7
Outputs: out_plastic=  1, out_glass=  1, out_paper=  1, out_metal=  1, out_textile=  0, out_compost=  0, out_landfill=  0, weight= 13

Test Case 5: Compost waste, weight =  2
Outputs: out_plastic=  1, out_glass=  1, out_paper=  1, out_metal=  1, out_textile=  0, out_compost=  1, out_landfill=  0, weight= 15

Test Case 6: Electronic waste, weight =  2
Outputs: out_plastic=  1, out_glass=  1, out_paper=  1, out_metal=  1, out_textile=  0, out_compost=  1, out_landfill=  1, weight= 17

Test Case 7: Medical waste, weight =  1
Outputs: out_plastic=  1, out_glass=  1, out_paper=  1, out_metal=  1, out_textile=  0, out_compost=  1, out_landfill=  1, weight= 17

Test Case 8: Other waste, weight =  3
Outputs: out_plastic=  1, out_glass=  1, out_paper=  1, out_metal=  1, out_textile=  0, out_compost=  1, out_landfill=  2, weight= 20

$finish called from file "/home/albert/Desktop/LAB7/03_verif/verif/sv/testtop.v", line 94.
$finish at simulation time                   90
           V C S   S i m u l a t i o n   R e p o r t 
Time: 90
CPU Time:      0.250 seconds;       Data structure size:   0.0Mb
Mon Jul 22 09:00:33 2024
CPU time: .119 seconds to compile + .011 seconds to elab + .117 seconds to link + .268 seconds in simulation
